d:\bcr_lab\projects\singlematrixnetwork_new\single-matrix-network-2-pre-automated-trials\debug\singlematrixnetwork.pch
d:\bcr_lab\projects\singlematrixnetwork_new\single-matrix-network-2-pre-automated-trials\debug\vc140.pdb
d:\bcr_lab\projects\singlematrixnetwork_new\single-matrix-network-2-pre-automated-trials\debug\vc140.idb
d:\bcr_lab\projects\singlematrixnetwork_new\single-matrix-network-2-pre-automated-trials\debug\stdafx.obj
d:\bcr_lab\projects\singlematrixnetwork_new\single-matrix-network-2-pre-automated-trials\debug\network.obj
d:\bcr_lab\projects\singlematrixnetwork_new\single-matrix-network-2-pre-automated-trials\debug\singlematrixnetwork.obj
d:\bcr_lab\projects\singlematrixnetwork_new\single-matrix-network-2-pre-automated-trials\debug\singlematrixnetwork.ilk
d:\bcr_lab\projects\singlematrixnetwork_new\single-matrix-network-2-pre-automated-trials\debug\singlematrixnetwork.exe
d:\bcr_lab\projects\singlematrixnetwork_new\single-matrix-network-2-pre-automated-trials\debug\singlematrixnetwork.pdb
d:\bcr_lab\projects\singlematrixnetwork_new\single-matrix-network-2-pre-automated-trials\debug\singlematrixnetwork.obj.enc
d:\bcr_lab\projects\singlematrixnetwork_new\single-matrix-network-2-pre-automated-trials\debug\vc120.idb
d:\bcr_lab\projects\singlematrixnetwork_new\single-matrix-network-2-pre-automated-trials\debug\vc60.idb
d:\bcr_lab\projects\singlematrixnetwork_new\single-matrix-network-2-pre-automated-trials\debug\vc120.pdb
d:\bcr_lab\projects\singlematrixnetwork_new\single-matrix-network-2-pre-automated-trials\debug\vc60.pdb
d:\bcr_lab\projects\singlematrixnetwork_new\single-matrix-network-2-pre-automated-trials\.\debug\singlematrixnetwork.exe
d:\bcr_lab\projects\singlematrixnetwork_new\single-matrix-network-2-pre-automated-trials\debug\singlema.1a3c61e0.tlog\cl.command.1.tlog
d:\bcr_lab\projects\singlematrixnetwork_new\single-matrix-network-2-pre-automated-trials\debug\singlema.1a3c61e0.tlog\cl.read.1.tlog
d:\bcr_lab\projects\singlematrixnetwork_new\single-matrix-network-2-pre-automated-trials\debug\singlema.1a3c61e0.tlog\cl.write.1.tlog
d:\bcr_lab\projects\singlematrixnetwork_new\single-matrix-network-2-pre-automated-trials\debug\singlema.1a3c61e0.tlog\link.command.1.tlog
d:\bcr_lab\projects\singlematrixnetwork_new\single-matrix-network-2-pre-automated-trials\debug\singlema.1a3c61e0.tlog\link.read.1.tlog
d:\bcr_lab\projects\singlematrixnetwork_new\single-matrix-network-2-pre-automated-trials\debug\singlema.1a3c61e0.tlog\link.write.1.tlog
